<?xml version="1.0" encoding="UTF-8"?>
<!-- Generated by org.testng.reporters.JUnitXMLReporter -->
<testsuite ignored="0" hostname="DESKTOP-6QT6AUG" failures="0" tests="1" name="Test" time="0.111" errors="0" timestamp="2024-06-12T16:42:19 IST">
  <testcase classname="com.alphabet.gmail.TestNG.TC008" name="@BeforeTest openApp" time="0.056">
    <failure type="java.lang.IllegalStateException" message="The path to the driver executable must be set by the webdriver.chrome.driver system property; for more information, see https://github.com/SeleniumHQ/selenium/wiki/ChromeDriver. The latest version can be downloaded from http://chromedriver.storage.googleapis.com/index.html">
      <![CDATA[java.lang.IllegalStateException: The path to the driver executable must be set by the webdriver.chrome.driver system property; for more information, see https://github.com/SeleniumHQ/selenium/wiki/ChromeDriver. The latest version can be downloaded from http://chromedriver.storage.googleapis.com/index.html
at com.google.common.base.Preconditions.checkState(Preconditions.java:847)
at org.openqa.selenium.remote.service.DriverService.findExecutable(DriverService.java:134)
at org.openqa.selenium.chrome.ChromeDriverService.access$000(ChromeDriverService.java:35)
at org.openqa.selenium.chrome.ChromeDriverService$Builder.findDefaultExecutable(ChromeDriverService.java:159)
at org.openqa.selenium.remote.service.DriverService$Builder.build(DriverService.java:355)
at org.openqa.selenium.chrome.ChromeDriverService.createDefaultService(ChromeDriverService.java:94)
at org.openqa.selenium.chrome.ChromeDriver.<init>(ChromeDriver.java:123)
at com.alphabet.gmail.TestNG.TC008.openApp(TC008.java:19)
... Removed 24 stack frames]]>
    </failure>
  </testcase> <!-- @BeforeTest openApp -->
  <testcase classname="com.alphabet.gmail.TestNG.TC008" name="@AfterTest closeApp" time="-1.718190739723E9">
    <skipped/>
  </testcase> <!-- @AfterTest closeApp -->
  <testcase classname="com.alphabet.gmail.TestNG.TC008" name="LoginToApp" time="0.0">
    <skipped/>
  </testcase> <!-- LoginToApp -->
</testsuite> <!-- Test -->
